<?xml version="1.0" encoding="UTF-8"?>
<!-- Generated by org.testng.reporters.JUnitReportReporter -->
<testsuite hostname="EC2AMAZ-S11DBRH" failures="0" tests="1" name="testNGTestScripts.GooglePageTest" time="0.152" errors="0" timestamp="2023-11-26T09:59:28 GMT" skipped="0">
  <testcase classname="testNGTestScripts.GooglePageTest" name="searchpage" time="0.152"/>
  <system-out/>
</testsuite> <!-- testNGTestScripts.GooglePageTest -->
