<?xml version="1.0" encoding="UTF-8"?>
<!-- Generated by org.testng.reporters.JUnitReportReporter -->
<testsuite hostname="EC2AMAZ-S11DBRH" failures="0" tests="2" name="testNGTestScripts.ElementsTest" time="6.158" errors="0" timestamp="2023-11-26T09:59:28 GMT" skipped="0">
  <testcase classname="testNGTestScripts.ElementsTest" name="getSize" time="5.061"/>
  <system-out/>
  <testcase classname="testNGTestScripts.ElementsTest" name="getList" time="1.097"/>
  <system-out/>
</testsuite> <!-- testNGTestScripts.ElementsTest -->
