<?xml version="1.0" encoding="UTF-8"?>
<!-- Generated by org.testng.reporters.JUnitReportReporter -->
<testsuite hostname="EC2AMAZ-S11DBRH" failures="0" tests="3" name="testNGTestScripts.TestPriority" time="4.638" errors="0" timestamp="2023-11-27T11:30:59 GMT" skipped="1">
  <testcase classname="testNGTestScripts.TestPriority" name="opencart" time="2.320"/>
  <system-out/>
  <testcase classname="testNGTestScripts.TestPriority" name="googlesearch" time="2.318"/>
  <system-out/>
  <testcase classname="testNGTestScripts.TestPriority" name="seleniumeasy">
    <skipped/>
  </testcase> <!-- seleniumeasy -->
  <system-out/>
</testsuite> <!-- testNGTestScripts.TestPriority -->
