<?xml version="1.0" encoding="UTF-8"?>
<!-- Generated by org.testng.reporters.JUnitReportReporter -->
<testsuite hostname="EC2AMAZ-S11DBRH" failures="0" tests="1" name="testNGTestScripts.SampleThreeTest" time="0.009" errors="0" timestamp="2023-11-27T12:11:51 GMT" skipped="0">
  <testcase classname="testNGTestScripts.SampleThreeTest" name="testThree" time="0.009"/>
  <system-out/>
</testsuite> <!-- testNGTestScripts.SampleThreeTest -->
