<?xml version="1.0" encoding="UTF-8"?>
<!-- Generated by org.testng.reporters.JUnitReportReporter -->
<testsuite hostname="EC2AMAZ-S11DBRH" failures="0" tests="2" name="testNGTestScripts.SampleFourTest" time="0.003" errors="0" timestamp="2023-11-27T12:11:51 GMT" skipped="0">
  <testcase classname="testNGTestScripts.SampleFourTest" name="testTwo" time="0.001"/>
  <system-out/>
  <testcase classname="testNGTestScripts.SampleFourTest" name="testOne" time="0.002"/>
  <system-out/>
</testsuite> <!-- testNGTestScripts.SampleFourTest -->
