<?xml version="1.0" encoding="UTF-8"?>
<!-- Generated by org.testng.reporters.JUnitReportReporter -->
<testsuite hostname="EC2AMAZ-S11DBRH" failures="0" tests="3" name="parallelScripts.SampleOneTest" time="0.013" errors="0" timestamp="2023-11-27T13:25:21 GMT" skipped="0">
  <testcase classname="parallelScripts.SampleOneTest" name="testThree" time="0.002"/>
  <system-out/>
  <testcase classname="parallelScripts.SampleOneTest" name="testTwo" time="0.002"/>
  <system-out/>
  <testcase classname="parallelScripts.SampleOneTest" name="testOne" time="0.009"/>
  <system-out/>
</testsuite> <!-- parallelScripts.SampleOneTest -->
