<?xml version="1.0" encoding="UTF-8"?>
<!-- Generated by org.testng.reporters.JUnitReportReporter -->
<testsuite hostname="EC2AMAZ-S11DBRH" failures="0" tests="3" name="parallelScripts.SampleThreeTest" time="5.020" errors="0" timestamp="2023-11-27T13:13:34 GMT" skipped="0">
  <testcase classname="parallelScripts.SampleThreeTest" name="testOne" time="2.480"/>
  <system-out/>
  <testcase classname="parallelScripts.SampleThreeTest" name="testTwo" time="1.252"/>
  <system-out/>
  <testcase classname="parallelScripts.SampleThreeTest" name="testThree" time="1.288"/>
  <system-out/>
</testsuite> <!-- parallelScripts.SampleThreeTest -->
